<?xml version="1.0" encoding="UTF-8"?>
<testng-results skipped="0" failed="1" ignored="0" total="3" passed="2">
  <reporter-output>
  </reporter-output>
  <suite name="Default suite" duration-ms="1983" started-at="2020-06-20T11:35:06Z" finished-at="2020-06-20T11:35:08Z">
    <groups>
    </groups>
    <test name="Default test" duration-ms="1983" started-at="2020-06-20T11:35:06Z" finished-at="2020-06-20T11:35:08Z">
      <class name="CategoriesTest">
        <test-method status="PASS" signature="setup()[pri:0, instance:CategoriesTest@68be2bc2]" name="setup" is-config="true" duration-ms="11" started-at="2020-06-20T11:35:06Z" finished-at="2020-06-20T11:35:06Z">
          <reporter-output>
          </reporter-output>
        </test-method> <!-- setup -->
        <test-method status="PASS" signature="getAPI()[pri:0, instance:CategoriesTest@68be2bc2]" name="getAPI" duration-ms="1867" started-at="2020-06-20T11:35:06Z" finished-at="2020-06-20T11:35:07Z">
          <reporter-output>
          </reporter-output>
        </test-method> <!-- getAPI -->
        <test-method status="PASS" signature="setup()[pri:0, instance:CategoriesTest@68be2bc2]" name="setup" is-config="true" duration-ms="1" started-at="2020-06-20T11:35:07Z" finished-at="2020-06-20T11:35:07Z">
          <reporter-output>
          </reporter-output>
        </test-method> <!-- setup -->
        <test-method status="PASS" signature="getHeaders()[pri:0, instance:CategoriesTest@68be2bc2]" name="getHeaders" duration-ms="2" started-at="2020-06-20T11:35:07Z" finished-at="2020-06-20T11:35:07Z">
          <reporter-output>
          </reporter-output>
        </test-method> <!-- getHeaders -->
        <test-method status="PASS" signature="setup()[pri:0, instance:CategoriesTest@68be2bc2]" name="setup" is-config="true" duration-ms="1" started-at="2020-06-20T11:35:07Z" finished-at="2020-06-20T11:35:07Z">
          <reporter-output>
          </reporter-output>
        </test-method> <!-- setup -->
        <test-method status="FAIL" signature="getResponse()[pri:0, instance:CategoriesTest@68be2bc2]" name="getResponse" duration-ms="34" started-at="2020-06-20T11:35:07Z" finished-at="2020-06-20T11:35:08Z">
          <exception class="org.json.JSONException">
            <message>
              <![CDATA[JSONObject["categories"] is not a string.]]>
            </message>
            <full-stacktrace>
              <![CDATA[org.json.JSONException: JSONObject["categories"] is not a string.
at org.json.JSONObject.wrongValueFormatException(JSONObject.java:2590)
at org.json.JSONObject.getString(JSONObject.java:863)
at CategoriesTest.getResponse(CategoriesTest.java:57)
at sun.reflect.NativeMethodAccessorImpl.invoke0(Native Method)
at sun.reflect.NativeMethodAccessorImpl.invoke(Unknown Source)
at sun.reflect.DelegatingMethodAccessorImpl.invoke(Unknown Source)
at java.lang.reflect.Method.invoke(Unknown Source)
at org.testng.internal.MethodInvocationHelper.invokeMethod(MethodInvocationHelper.java:124)
at org.testng.internal.Invoker.invokeMethod(Invoker.java:583)
at org.testng.internal.Invoker.invokeTestMethod(Invoker.java:719)
at org.testng.internal.Invoker.invokeTestMethods(Invoker.java:989)
at org.testng.internal.TestMethodWorker.invokeTestMethods(TestMethodWorker.java:125)
at org.testng.internal.TestMethodWorker.run(TestMethodWorker.java:109)
at org.testng.TestRunner.privateRun(TestRunner.java:648)
at org.testng.TestRunner.run(TestRunner.java:505)
at org.testng.SuiteRunner.runTest(SuiteRunner.java:455)
at org.testng.SuiteRunner.runSequentially(SuiteRunner.java:450)
at org.testng.SuiteRunner.privateRun(SuiteRunner.java:415)
at org.testng.SuiteRunner.run(SuiteRunner.java:364)
at org.testng.SuiteRunnerWorker.runSuite(SuiteRunnerWorker.java:52)
at org.testng.SuiteRunnerWorker.run(SuiteRunnerWorker.java:84)
at org.testng.TestNG.runSuitesSequentially(TestNG.java:1208)
at org.testng.TestNG.runSuitesLocally(TestNG.java:1137)
at org.testng.TestNG.runSuites(TestNG.java:1049)
at org.testng.TestNG.run(TestNG.java:1017)
at org.testng.remote.AbstractRemoteTestNG.run(AbstractRemoteTestNG.java:115)
at org.testng.remote.RemoteTestNG.initAndRun(RemoteTestNG.java:251)
at org.testng.remote.RemoteTestNG.main(RemoteTestNG.java:77)
]]>
            </full-stacktrace>
          </exception> <!-- org.json.JSONException -->
          <reporter-output>
          </reporter-output>
        </test-method> <!-- getResponse -->
      </class> <!-- CategoriesTest -->
    </test> <!-- Default test -->
  </suite> <!-- Default suite -->
</testng-results>
